Build started 4/6/2013 11:07:25 PM.
     1>Project "c:\Users\Patrick\documents\visual studio 2010\Projects\WebCam_Drums\WebCam_Drums\WebCam_Drums.vcxproj" on node 2 (build target(s)).
     1>InitializeBuildStatus:
         Creating "Debug\WebCam_Drums.unsuccessfulbuild" because "AlwaysCreate" was specified.
       ClCompile:
         c:\Program Files (x86)\Microsoft Visual Studio 10.0\VC\bin\CL.exe /c /ZI /nologo /W3 /WX- /Od /Oy- /D WIN32 /D _DEBUG /D _CONSOLE /D _UNICODE /D UNICODE /Gm /EHsc /RTC1 /MDd /GS /fp:precise /Zc:wchar_t /Zc:forScope /Yc"StdAfx.h" /Fp"Debug\WebCam_Drums.pch" /Fo"Debug\\" /Fd"Debug\vc100.pdb" /Gd /TP /analyze- /errorReport:prompt stdafx.cpp
         stdafx.cpp
         c:\Program Files (x86)\Microsoft Visual Studio 10.0\VC\bin\CL.exe /c /ZI /nologo /W3 /WX- /Od /Oy- /D WIN32 /D _DEBUG /D _CONSOLE /D _UNICODE /D UNICODE /Gm /EHsc /RTC1 /MDd /GS /fp:precise /Zc:wchar_t /Zc:forScope /Yu"StdAfx.h" /Fp"Debug\WebCam_Drums.pch" /Fo"Debug\\" /Fd"Debug\vc100.pdb" /Gd /TP /analyze- /errorReport:prompt CrashCymbal.cpp FallingObject.cpp GameObject.cpp HighTom.cpp LowTom.cpp PlayField.cpp RideCymbal.cpp SnareDrum.cpp Utility.cpp Vector.cpp WebCam_Drums.cpp
         Skipping... (no relevant changes detected)
         WebCam_Drums.cpp
         Vector.cpp
         Utility.cpp
         SnareDrum.cpp
         RideCymbal.cpp
         PlayField.cpp
         LowTom.cpp
         HighTom.cpp
         GameObject.cpp
         FallingObject.cpp
         CrashCymbal.cpp
       ManifestResourceCompile:
         All outputs are up-to-date.
       Link:
         c:\Program Files (x86)\Microsoft Visual Studio 10.0\VC\bin\link.exe /ERRORREPORT:PROMPT /OUT:"c:\users\patrick\documents\visual studio 2010\Projects\WebCam_Drums\Debug\WebCam_Drums.exe" /INCREMENTAL /NOLOGO kernel32.lib user32.lib gdi32.lib winspool.lib comdlg32.lib advapi32.lib shell32.lib ole32.lib oleaut32.lib uuid.lib odbc32.lib odbccp32.lib /MANIFEST /ManifestFile:"Debug\WebCam_Drums.exe.intermediate.manifest" /MANIFESTUAC:"level='asInvoker' uiAccess='false'" /DEBUG /PDB:"c:\users\patrick\documents\visual studio 2010\Projects\WebCam_Drums\Debug\WebCam_Drums.pdb" /SUBSYSTEM:CONSOLE /TLBID:1 /DYNAMICBASE /NXCOMPAT /IMPLIB:"c:\users\patrick\documents\visual studio 2010\Projects\WebCam_Drums\Debug\WebCam_Drums.lib" /MACHINE:X86 Debug\WebCam_Drums.exe.embed.manifest.res
         Debug\CrashCymbal.obj
         Debug\FallingObject.obj
         Debug\GameObject.obj
         Debug\HighTom.obj
         Debug\LowTom.obj
         Debug\PlayField.obj
         Debug\RideCymbal.obj
         Debug\SnareDrum.obj
         Debug\stdafx.obj
         Debug\Utility.obj
         Debug\Vector.obj
         Debug\WebCam_Drums.obj
       Manifest:
         c:\Program Files (x86)\Microsoft SDKs\Windows\v7.0A\bin\mt.exe /nologo /verbose /out:"Debug\WebCam_Drums.exe.embed.manifest" /manifest Debug\WebCam_Drums.exe.intermediate.manifest
         All outputs are up-to-date.
       LinkEmbedManifest:
         All outputs are up-to-date.
         WebCam_Drums.vcxproj -> c:\users\patrick\documents\visual studio 2010\Projects\WebCam_Drums\Debug\WebCam_Drums.exe
       FinalizeBuildStatus:
         Deleting file "Debug\WebCam_Drums.unsuccessfulbuild".
         Touching "Debug\WebCam_Drums.lastbuildstate".
     1>Done Building Project "c:\Users\Patrick\documents\visual studio 2010\Projects\WebCam_Drums\WebCam_Drums\WebCam_Drums.vcxproj" (build target(s)).

Build succeeded.

Time Elapsed 00:00:01.46
